[2019-06-11T21:42:30.662-0500] [glassfish 5.1] [INFO] [NCLS-CORE-00087] [javax.enterprise.system.core] [tid: _ThreadID=20 _ThreadName=RunLevelControllerThread-1560307296406] [timeMillis: 1560307350662] [levelValue: 800] [[
  Grizzly Framework 2.4.4 started in: 12ms - bound to [/0.0.0.0:7676]]]

[2019-06-11T21:42:30.764-0500] [glassfish 5.1] [INFO] [NCLS-BOOTSTRAP-00027] [javax.enterprise.bootstrap] [tid: _ThreadID=1 _ThreadName=main] [timeMillis: 1560307350764] [levelValue: 800] [[
  Registered com.sun.enterprise.glassfish.bootstrap.osgi.EmbeddedOSGiGlassFishImpl@77a281fc as OSGi service registration: org.apache.felix.framework.ServiceRegistrationImpl@4912d525.]]

[2019-06-11T21:42:31.875-0500] [glassfish 5.1] [INFO] [NCLS-JMX-00005] [javax.enterprise.system.jmx] [tid: _ThreadID=89 _ThreadName=Thread-29] [timeMillis: 1560307351875] [levelValue: 800] [[
  JMXStartupService has started JMXConnector on JMXService URL service:jmx:rmi://yesid-LenovoYOGA:8686/jndi/rmi://yesid-LenovoYOGA:8686/jmxrmi]]

[2019-06-11T21:42:46.834-0500] [glassfish 5.1] [INFO] [] [javax.enterprise.system.container.ejb.org.glassfish.ejb.startup] [tid: _ThreadID=48 _ThreadName=admin-listener(3)] [timeMillis: 1560307366834] [levelValue: 800] [[
  keepstate options resolved to true, saving appId 102243699030425600 for application herbario-uq-ear.]]

[2019-06-11T21:42:49.167-0500] [glassfish 5.1] [INFO] [] [org.eclipse.persistence.session./file:/home/yesid/Escritorio/herbario-uq/servidor/domain1/eclipseApps/herbario-uq-ear/lib/herbario-uq-persistencia.jar/_herbario-uq-persistencia.connection] [tid: _ThreadID=48 _ThreadName=admin-listener(3)] [timeMillis: 1560307369167] [levelValue: 800] [[
  /file:/home/yesid/Escritorio/herbario-uq/servidor/domain1/eclipseApps/herbario-uq-ear/lib/herbario-uq-persistencia.jar/_herbario-uq-persistencia logout successful]]

[2019-06-11T21:42:50.783-0500] [glassfish 5.1] [INFO] [] [javax.enterprise.system.tools.deployment.common] [tid: _ThreadID=48 _ThreadName=admin-listener(3)] [timeMillis: 1560307370783] [levelValue: 800] [[
  visiting unvisited references]]

[2019-06-11T21:42:51.726-0500] [glassfish 5.1] [INFO] [] [javax.enterprise.system.tools.deployment.common] [tid: _ThreadID=48 _ThreadName=admin-listener(3)] [timeMillis: 1560307371726] [levelValue: 800] [[
  visiting unvisited references]]

[2019-06-11T21:42:51.818-0500] [glassfish 5.1] [INFO] [] [javax.enterprise.system.tools.deployment.common] [tid: _ThreadID=48 _ThreadName=admin-listener(3)] [timeMillis: 1560307371818] [levelValue: 800] [[
  visiting unvisited references]]

[2019-06-11T21:42:51.852-0500] [glassfish 5.1] [INFO] [] [javax.enterprise.system.tools.deployment.common] [tid: _ThreadID=48 _ThreadName=admin-listener(3)] [timeMillis: 1560307371852] [levelValue: 800] [[
  visiting unvisited references]]

[2019-06-11T21:42:51.855-0500] [glassfish 5.1] [INFO] [] [javax.enterprise.system.tools.deployment.common] [tid: _ThreadID=48 _ThreadName=admin-listener(3)] [timeMillis: 1560307371855] [levelValue: 800] [[
  visiting unvisited references]]

[2019-06-11T21:42:51.857-0500] [glassfish 5.1] [INFO] [] [javax.enterprise.system.tools.deployment.common] [tid: _ThreadID=48 _ThreadName=admin-listener(3)] [timeMillis: 1560307371857] [levelValue: 800] [[
  visiting unvisited references]]

[2019-06-11T21:42:51.860-0500] [glassfish 5.1] [INFO] [] [javax.enterprise.system.tools.deployment.common] [tid: _ThreadID=48 _ThreadName=admin-listener(3)] [timeMillis: 1560307371860] [levelValue: 800] [[
  visiting unvisited references]]

[2019-06-11T21:42:52.237-0500] [glassfish 5.1] [INFO] [NCLS-COMUTIL-00017] [javax.enterprise.system.util] [tid: _ThreadID=48 _ThreadName=admin-listener(3)] [timeMillis: 1560307372237] [levelValue: 800] [[
  co.cmamo.Planta actually got transformed]]

[2019-06-11T21:42:52.243-0500] [glassfish 5.1] [INFO] [NCLS-COMUTIL-00017] [javax.enterprise.system.util] [tid: _ThreadID=48 _ThreadName=admin-listener(3)] [timeMillis: 1560307372243] [levelValue: 800] [[
  co.cmamo.Genero actually got transformed]]

[2019-06-11T21:42:52.246-0500] [glassfish 5.1] [INFO] [NCLS-COMUTIL-00017] [javax.enterprise.system.util] [tid: _ThreadID=48 _ThreadName=admin-listener(3)] [timeMillis: 1560307372246] [levelValue: 800] [[
  co.cmamo.Administrador actually got transformed]]

[2019-06-11T21:42:52.251-0500] [glassfish 5.1] [INFO] [NCLS-COMUTIL-00017] [javax.enterprise.system.util] [tid: _ThreadID=48 _ThreadName=admin-listener(3)] [timeMillis: 1560307372251] [levelValue: 800] [[
  co.cmamo.Persona actually got transformed]]

[2019-06-11T21:42:52.254-0500] [glassfish 5.1] [INFO] [NCLS-COMUTIL-00017] [javax.enterprise.system.util] [tid: _ThreadID=48 _ThreadName=admin-listener(3)] [timeMillis: 1560307372254] [levelValue: 800] [[
  co.cmamo.Empleado actually got transformed]]

[2019-06-11T21:42:52.259-0500] [glassfish 5.1] [INFO] [NCLS-COMUTIL-00017] [javax.enterprise.system.util] [tid: _ThreadID=48 _ThreadName=admin-listener(3)] [timeMillis: 1560307372259] [levelValue: 800] [[
  co.cmamo.Familia actually got transformed]]

[2019-06-11T21:42:52.262-0500] [glassfish 5.1] [INFO] [NCLS-COMUTIL-00017] [javax.enterprise.system.util] [tid: _ThreadID=48 _ThreadName=admin-listener(3)] [timeMillis: 1560307372262] [levelValue: 800] [[
  co.cmamo.Recolector actually got transformed]]

[2019-06-11T21:42:52.268-0500] [glassfish 5.1] [INFO] [NCLS-COMUTIL-00017] [javax.enterprise.system.util] [tid: _ThreadID=48 _ThreadName=admin-listener(3)] [timeMillis: 1560307372268] [levelValue: 800] [[
  co.cmamo.Peticion actually got transformed]]

[2019-06-11T21:42:52.292-0500] [glassfish 5.1] [INFO] [] [org.eclipse.persistence.session./file:/home/yesid/Escritorio/herbario-uq/servidor/domain1/eclipseApps/herbario-uq-ear/lib/herbario-uq-persistencia.jar/_herbario-uq-persistencia] [tid: _ThreadID=48 _ThreadName=admin-listener(3)] [timeMillis: 1560307372292] [levelValue: 800] [[
  EclipseLink, version: Eclipse Persistence Services - 2.7.4.v20190115-ad5b7c6b2a]]

[2019-06-11T21:42:52.326-0500] [glassfish 5.1] [INFO] [] [org.eclipse.persistence.session./file:/home/yesid/Escritorio/herbario-uq/servidor/domain1/eclipseApps/herbario-uq-ear/lib/herbario-uq-persistencia.jar/_herbario-uq-persistencia.connection] [tid: _ThreadID=48 _ThreadName=admin-listener(3)] [timeMillis: 1560307372326] [levelValue: 800] [[
  /file:/home/yesid/Escritorio/herbario-uq/servidor/domain1/eclipseApps/herbario-uq-ear/lib/herbario-uq-persistencia.jar/_herbario-uq-persistencia login successful]]

[2019-06-11T21:42:52.813-0500] [glassfish 5.1] [INFO] [AS-EJB-00054] [javax.enterprise.ejb.container] [tid: _ThreadID=48 _ThreadName=admin-listener(3)] [timeMillis: 1560307372813] [levelValue: 800] [[
  Portable JNDI names for EJB SetupEJB: [java:global/herbario-uq-ear/herbario-uq-negocio/SetupEJB!co.cmamo.ejbs.SetupEJB, java:global/herbario-uq-ear/herbario-uq-negocio/SetupEJB]]]

[2019-06-11T21:42:53.136-0500] [glassfish 5.1] [INFO] [AS-EJB-00054] [javax.enterprise.ejb.container] [tid: _ThreadID=48 _ThreadName=admin-listener(3)] [timeMillis: 1560307373136] [levelValue: 800] [[
  Portable JNDI names for EJB AdminEJB: [java:global/herbario-uq-ear/herbario-uq-negocio/AdminEJB!co.cmamo.ejbs.AdminEJB, java:global/herbario-uq-ear/herbario-uq-negocio/AdminEJB!co.cmamo.ejbs.AdminEJBRemote]]]

[2019-06-11T21:42:53.136-0500] [glassfish 5.1] [INFO] [AS-EJB-00055] [javax.enterprise.ejb.container] [tid: _ThreadID=48 _ThreadName=admin-listener(3)] [timeMillis: 1560307373136] [levelValue: 800] [[
  Glassfish-specific (Non-portable) JNDI names for EJB AdminEJB: [co.cmamo.ejbs.AdminEJBRemote, co.cmamo.ejbs.AdminEJBRemote#co.cmamo.ejbs.AdminEJBRemote]]]

[2019-06-11T21:42:53.859-0500] [glassfish 5.1] [INFO] [] [org.jboss.weld.Event] [tid: _ThreadID=48 _ThreadName=admin-listener(3)] [timeMillis: 1560307373859] [levelValue: 800] [[
  WELD-000411: Observer method [BackedAnnotatedMethod] org.glassfish.sse.impl.ServerSentEventCdiExtension.processAnnotatedType(@Observes ProcessAnnotatedType<T>, BeanManager) receives events for all annotated types. Consider restricting events using @WithAnnotations or a generic type with bounds.]]

[2019-06-11T21:42:53.889-0500] [glassfish 5.1] [INFO] [] [org.jboss.weld.Event] [tid: _ThreadID=48 _ThreadName=admin-listener(3)] [timeMillis: 1560307373889] [levelValue: 800] [[
  WELD-000411: Observer method [BackedAnnotatedMethod] public org.glassfish.jms.injection.JMSCDIExtension.processAnnotatedType(@Observes ProcessAnnotatedType<T>) receives events for all annotated types. Consider restricting events using @WithAnnotations or a generic type with bounds.]]

[2019-06-11T21:42:53.901-0500] [glassfish 5.1] [INFO] [] [org.jboss.weld.Event] [tid: _ThreadID=48 _ThreadName=admin-listener(3)] [timeMillis: 1560307373901] [levelValue: 800] [[
  WELD-000411: Observer method [BackedAnnotatedMethod] private org.glassfish.jersey.ext.cdi1x.internal.CdiComponentProvider.processAnnotatedType(@Observes ProcessAnnotatedType) receives events for all annotated types. Consider restricting events using @WithAnnotations or a generic type with bounds.]]

[2019-06-11T21:42:53.907-0500] [glassfish 5.1] [INFO] [] [org.jboss.weld.Event] [tid: _ThreadID=48 _ThreadName=admin-listener(3)] [timeMillis: 1560307373907] [levelValue: 800] [[
  WELD-000411: Observer method [BackedAnnotatedMethod] public org.hibernate.validator.cdi.ValidationExtension.processAnnotatedType(@Observes ProcessAnnotatedType<T>) receives events for all annotated types. Consider restricting events using @WithAnnotations or a generic type with bounds.]]

[2019-06-11T21:42:53.913-0500] [glassfish 5.1] [INFO] [] [org.jboss.weld.Event] [tid: _ThreadID=48 _ThreadName=admin-listener(3)] [timeMillis: 1560307373913] [levelValue: 800] [[
  WELD-000411: Observer method [BackedAnnotatedMethod] public org.glassfish.jms.injection.JMSCDIExtension.processAnnotatedType(@Observes ProcessAnnotatedType<T>) receives events for all annotated types. Consider restricting events using @WithAnnotations or a generic type with bounds.]]

[2019-06-11T21:42:53.919-0500] [glassfish 5.1] [INFO] [] [org.jboss.weld.Event] [tid: _ThreadID=48 _ThreadName=admin-listener(3)] [timeMillis: 1560307373919] [levelValue: 800] [[
  WELD-000411: Observer method [BackedAnnotatedMethod] org.glassfish.sse.impl.ServerSentEventCdiExtension.processAnnotatedType(@Observes ProcessAnnotatedType<T>, BeanManager) receives events for all annotated types. Consider restricting events using @WithAnnotations or a generic type with bounds.]]

[2019-06-11T21:42:53.921-0500] [glassfish 5.1] [INFO] [] [org.jboss.weld.Event] [tid: _ThreadID=48 _ThreadName=admin-listener(3)] [timeMillis: 1560307373921] [levelValue: 800] [[
  WELD-000411: Observer method [BackedAnnotatedMethod] private org.glassfish.jersey.ext.cdi1x.internal.CdiComponentProvider.processAnnotatedType(@Observes ProcessAnnotatedType) receives events for all annotated types. Consider restricting events using @WithAnnotations or a generic type with bounds.]]

[2019-06-11T21:42:53.922-0500] [glassfish 5.1] [INFO] [] [org.jboss.weld.Event] [tid: _ThreadID=48 _ThreadName=admin-listener(3)] [timeMillis: 1560307373922] [levelValue: 800] [[
  WELD-000411: Observer method [BackedAnnotatedMethod] public org.hibernate.validator.cdi.ValidationExtension.processAnnotatedType(@Observes ProcessAnnotatedType<T>) receives events for all annotated types. Consider restricting events using @WithAnnotations or a generic type with bounds.]]

[2019-06-11T21:42:53.925-0500] [glassfish 5.1] [WARN] [] [org.jboss.weld.Bootstrap] [tid: _ThreadID=48 _ThreadName=admin-listener(3)] [timeMillis: 1560307373925] [levelValue: 900] [[
  WELD-000146: BeforeBeanDiscovery.addAnnotatedType(AnnotatedType<?>) used for class org.glassfish.jersey.ext.cdi1x.servlet.internal.CdiExternalRequestScope is deprecated from CDI 1.1!]]

[2019-06-11T21:42:53.931-0500] [glassfish 5.1] [WARN] [] [org.jboss.weld.Bootstrap] [tid: _ThreadID=48 _ThreadName=admin-listener(3)] [timeMillis: 1560307373931] [levelValue: 900] [[
  WELD-000146: BeforeBeanDiscovery.addAnnotatedType(AnnotatedType<?>) used for class com.sun.faces.flow.FlowDiscoveryCDIHelper is deprecated from CDI 1.1!]]

[2019-06-11T21:42:53.932-0500] [glassfish 5.1] [WARN] [] [org.jboss.weld.Bootstrap] [tid: _ThreadID=48 _ThreadName=admin-listener(3)] [timeMillis: 1560307373932] [levelValue: 900] [[
  WELD-000146: BeforeBeanDiscovery.addAnnotatedType(AnnotatedType<?>) used for class org.glassfish.jersey.ext.cdi1x.transaction.internal.WebAppExceptionHolder is deprecated from CDI 1.1!]]

[2019-06-11T21:42:53.933-0500] [glassfish 5.1] [WARN] [] [org.jboss.weld.Bootstrap] [tid: _ThreadID=48 _ThreadName=admin-listener(3)] [timeMillis: 1560307373933] [levelValue: 900] [[
  WELD-000146: BeforeBeanDiscovery.addAnnotatedType(AnnotatedType<?>) used for class org.glassfish.jersey.ext.cdi1x.transaction.internal.WebAppExceptionInterceptor is deprecated from CDI 1.1!]]

[2019-06-11T21:42:53.934-0500] [glassfish 5.1] [WARN] [] [org.jboss.weld.Bootstrap] [tid: _ThreadID=48 _ThreadName=admin-listener(3)] [timeMillis: 1560307373934] [levelValue: 900] [[
  WELD-000146: BeforeBeanDiscovery.addAnnotatedType(AnnotatedType<?>) used for class org.glassfish.jersey.ext.cdi1x.transaction.internal.TransactionalExceptionMapper is deprecated from CDI 1.1!]]

[2019-06-11T21:42:53.935-0500] [glassfish 5.1] [WARN] [] [org.jboss.weld.Bootstrap] [tid: _ThreadID=48 _ThreadName=admin-listener(3)] [timeMillis: 1560307373935] [levelValue: 900] [[
  WELD-000146: BeforeBeanDiscovery.addAnnotatedType(AnnotatedType<?>) used for class org.glassfish.jersey.ext.cdi1x.internal.CdiComponentProvider$JaxRsParamProducer is deprecated from CDI 1.1!]]

[2019-06-11T21:42:53.938-0500] [glassfish 5.1] [WARN] [] [org.jboss.weld.Bootstrap] [tid: _ThreadID=48 _ThreadName=admin-listener(3)] [timeMillis: 1560307373938] [levelValue: 900] [[
  WELD-000146: BeforeBeanDiscovery.addAnnotatedType(AnnotatedType<?>) used for class com.ibm.jbatch.container.cdi.BatchProducerBean is deprecated from CDI 1.1!]]

[2019-06-11T21:42:53.940-0500] [glassfish 5.1] [WARN] [] [org.jboss.weld.Bootstrap] [tid: _ThreadID=48 _ThreadName=admin-listener(3)] [timeMillis: 1560307373940] [levelValue: 900] [[
  WELD-000146: BeforeBeanDiscovery.addAnnotatedType(AnnotatedType<?>) used for class org.glassfish.cdi.transaction.TransactionalInterceptorMandatory is deprecated from CDI 1.1!]]

[2019-06-11T21:42:53.942-0500] [glassfish 5.1] [WARN] [] [org.jboss.weld.Bootstrap] [tid: _ThreadID=48 _ThreadName=admin-listener(3)] [timeMillis: 1560307373942] [levelValue: 900] [[
  WELD-000146: BeforeBeanDiscovery.addAnnotatedType(AnnotatedType<?>) used for class org.glassfish.cdi.transaction.TransactionalInterceptorNever is deprecated from CDI 1.1!]]

[2019-06-11T21:42:53.944-0500] [glassfish 5.1] [WARN] [] [org.jboss.weld.Bootstrap] [tid: _ThreadID=48 _ThreadName=admin-listener(3)] [timeMillis: 1560307373944] [levelValue: 900] [[
  WELD-000146: BeforeBeanDiscovery.addAnnotatedType(AnnotatedType<?>) used for class org.glassfish.cdi.transaction.TransactionalInterceptorNotSupported is deprecated from CDI 1.1!]]

[2019-06-11T21:42:53.946-0500] [glassfish 5.1] [WARN] [] [org.jboss.weld.Bootstrap] [tid: _ThreadID=48 _ThreadName=admin-listener(3)] [timeMillis: 1560307373946] [levelValue: 900] [[
  WELD-000146: BeforeBeanDiscovery.addAnnotatedType(AnnotatedType<?>) used for class org.glassfish.cdi.transaction.TransactionalInterceptorRequired is deprecated from CDI 1.1!]]

[2019-06-11T21:42:53.947-0500] [glassfish 5.1] [WARN] [] [org.jboss.weld.Bootstrap] [tid: _ThreadID=48 _ThreadName=admin-listener(3)] [timeMillis: 1560307373947] [levelValue: 900] [[
  WELD-000146: BeforeBeanDiscovery.addAnnotatedType(AnnotatedType<?>) used for class org.glassfish.cdi.transaction.TransactionalInterceptorRequiresNew is deprecated from CDI 1.1!]]

[2019-06-11T21:42:53.948-0500] [glassfish 5.1] [WARN] [] [org.jboss.weld.Bootstrap] [tid: _ThreadID=48 _ThreadName=admin-listener(3)] [timeMillis: 1560307373948] [levelValue: 900] [[
  WELD-000146: BeforeBeanDiscovery.addAnnotatedType(AnnotatedType<?>) used for class org.glassfish.cdi.transaction.TransactionalInterceptorSupports is deprecated from CDI 1.1!]]

[2019-06-11T21:42:54.421-0500] [glassfish 5.1] [WARNING] [] [javax.enterprise.web] [tid: _ThreadID=48 _ThreadName=admin-listener(3)] [timeMillis: 1560307374421] [levelValue: 900] [[
  java.lang.Exception: Virtual server server already has a web module herbario-uq-web loaded at /herbario-uq-web therefore web module herbario-uq-ear#herbario-uq-web.war cannot be loaded at this context path on this virtual server
java.lang.Exception: Virtual server server already has a web module herbario-uq-web loaded at /herbario-uq-web therefore web module herbario-uq-ear#herbario-uq-web.war cannot be loaded at this context path on this virtual server
	at com.sun.enterprise.web.WebContainer.loadWebModule(WebContainer.java:1811)
	at com.sun.enterprise.web.WebContainer.loadWebModule(WebContainer.java:1666)
	at com.sun.enterprise.web.WebApplication.start(WebApplication.java:83)
	at org.glassfish.internal.data.EngineRef.start(EngineRef.java:98)
	at org.glassfish.internal.data.ModuleInfo.start(ModuleInfo.java:267)
	at org.glassfish.internal.data.ApplicationInfo.start(ApplicationInfo.java:328)
	at com.sun.enterprise.v3.server.ApplicationLifecycle.deploy(ApplicationLifecycle.java:476)
	at com.sun.enterprise.v3.server.ApplicationLifecycle.deploy(ApplicationLifecycle.java:195)
	at org.glassfish.deployment.admin.DeployCommand.execute(DeployCommand.java:467)
	at com.sun.enterprise.v3.admin.CommandRunnerImpl$2$1.run(CommandRunnerImpl.java:516)
	at com.sun.enterprise.v3.admin.CommandRunnerImpl$2$1.run(CommandRunnerImpl.java:512)
	at java.security.AccessController.doPrivileged(Native Method)
	at javax.security.auth.Subject.doAs(Subject.java:360)
	at com.sun.enterprise.v3.admin.CommandRunnerImpl$2.execute(CommandRunnerImpl.java:511)
	at com.sun.enterprise.v3.admin.CommandRunnerImpl$3.run(CommandRunnerImpl.java:542)
	at com.sun.enterprise.v3.admin.CommandRunnerImpl$3.run(CommandRunnerImpl.java:534)
	at java.security.AccessController.doPrivileged(Native Method)
	at javax.security.auth.Subject.doAs(Subject.java:360)
	at com.sun.enterprise.v3.admin.CommandRunnerImpl.doCommand(CommandRunnerImpl.java:533)
	at com.sun.enterprise.v3.admin.CommandRunnerImpl.doCommand(CommandRunnerImpl.java:1441)
	at com.sun.enterprise.v3.admin.CommandRunnerImpl.access$1300(CommandRunnerImpl.java:86)
	at com.sun.enterprise.v3.admin.CommandRunnerImpl$ExecutionContext.execute(CommandRunnerImpl.java:1823)
	at com.sun.enterprise.v3.admin.CommandRunnerImpl$ExecutionContext.execute(CommandRunnerImpl.java:1699)
	at org.glassfish.deployment.admin.ReDeployCommand.execute(ReDeployCommand.java:107)
	at com.sun.enterprise.v3.admin.CommandRunnerImpl$2$1.run(CommandRunnerImpl.java:516)
	at com.sun.enterprise.v3.admin.CommandRunnerImpl$2$1.run(CommandRunnerImpl.java:512)
	at java.security.AccessController.doPrivileged(Native Method)
	at javax.security.auth.Subject.doAs(Subject.java:360)
	at com.sun.enterprise.v3.admin.CommandRunnerImpl$2.execute(CommandRunnerImpl.java:511)
	at com.sun.enterprise.v3.admin.CommandRunnerImpl$3.run(CommandRunnerImpl.java:542)
	at com.sun.enterprise.v3.admin.CommandRunnerImpl$3.run(CommandRunnerImpl.java:534)
	at java.security.AccessController.doPrivileged(Native Method)
	at javax.security.auth.Subject.doAs(Subject.java:360)
	at com.sun.enterprise.v3.admin.CommandRunnerImpl.doCommand(CommandRunnerImpl.java:533)
	at com.sun.enterprise.v3.admin.CommandRunnerImpl.doCommand(CommandRunnerImpl.java:1441)
	at com.sun.enterprise.v3.admin.CommandRunnerImpl.access$1300(CommandRunnerImpl.java:86)
	at com.sun.enterprise.v3.admin.CommandRunnerImpl$ExecutionContext.execute(CommandRunnerImpl.java:1823)
	at com.sun.enterprise.v3.admin.CommandRunnerImpl$ExecutionContext.execute(CommandRunnerImpl.java:1699)
	at com.sun.enterprise.v3.admin.AdminAdapter.doCommand(AdminAdapter.java:510)
	at com.sun.enterprise.v3.admin.AdminAdapter.onMissingResource(AdminAdapter.java:200)
	at org.glassfish.grizzly.http.server.StaticHttpHandlerBase.service(StaticHttpHandlerBase.java:166)
	at com.sun.enterprise.v3.services.impl.ContainerMapper$HttpHandlerCallable.call(ContainerMapper.java:439)
	at com.sun.enterprise.v3.services.impl.ContainerMapper.service(ContainerMapper.java:144)
	at org.glassfish.grizzly.http.server.HttpHandler.runService(HttpHandler.java:182)
	at org.glassfish.grizzly.http.server.HttpHandler.doHandle(HttpHandler.java:156)
	at org.glassfish.grizzly.http.server.HttpServerFilter.handleRead(HttpServerFilter.java:218)
	at org.glassfish.grizzly.filterchain.ExecutorResolver$9.execute(ExecutorResolver.java:95)
	at org.glassfish.grizzly.filterchain.DefaultFilterChain.executeFilter(DefaultFilterChain.java:260)
	at org.glassfish.grizzly.filterchain.DefaultFilterChain.executeChainPart(DefaultFilterChain.java:177)
	at org.glassfish.grizzly.filterchain.DefaultFilterChain.execute(DefaultFilterChain.java:109)
	at org.glassfish.grizzly.filterchain.DefaultFilterChain.process(DefaultFilterChain.java:88)
	at org.glassfish.grizzly.ProcessorExecutor.execute(ProcessorExecutor.java:53)
	at org.glassfish.grizzly.nio.transport.TCPNIOTransport.fireIOEvent(TCPNIOTransport.java:515)
	at org.glassfish.grizzly.strategies.AbstractIOStrategy.fireIOEvent(AbstractIOStrategy.java:89)
	at org.glassfish.grizzly.strategies.WorkerThreadIOStrategy.run0(WorkerThreadIOStrategy.java:94)
	at org.glassfish.grizzly.strategies.WorkerThreadIOStrategy.access$100(WorkerThreadIOStrategy.java:33)
	at org.glassfish.grizzly.strategies.WorkerThreadIOStrategy$WorkerThreadRunnable.run(WorkerThreadIOStrategy.java:114)
	at org.glassfish.grizzly.threadpool.AbstractThreadPool$Worker.doWork(AbstractThreadPool.java:569)
	at org.glassfish.grizzly.threadpool.AbstractThreadPool$Worker.run(AbstractThreadPool.java:549)
	at java.lang.Thread.run(Thread.java:748)
]]

[2019-06-11T21:42:54.428-0500] [glassfish 5.1] [SEVERE] [] [javax.enterprise.system.tools.deployment.common] [tid: _ThreadID=48 _ThreadName=admin-listener(3)] [timeMillis: 1560307374428] [levelValue: 1000] [[
  Exception while invoking class com.sun.enterprise.web.WebApplication start method
java.lang.Exception: java.lang.Exception: Virtual server server already has a web module herbario-uq-web loaded at /herbario-uq-web therefore web module herbario-uq-ear#herbario-uq-web.war cannot be loaded at this context path on this virtual server
	at com.sun.enterprise.web.WebApplication.start(WebApplication.java:112)
	at org.glassfish.internal.data.EngineRef.start(EngineRef.java:98)
	at org.glassfish.internal.data.ModuleInfo.start(ModuleInfo.java:267)
	at org.glassfish.internal.data.ApplicationInfo.start(ApplicationInfo.java:328)
	at com.sun.enterprise.v3.server.ApplicationLifecycle.deploy(ApplicationLifecycle.java:476)
	at com.sun.enterprise.v3.server.ApplicationLifecycle.deploy(ApplicationLifecycle.java:195)
	at org.glassfish.deployment.admin.DeployCommand.execute(DeployCommand.java:467)
	at com.sun.enterprise.v3.admin.CommandRunnerImpl$2$1.run(CommandRunnerImpl.java:516)
	at com.sun.enterprise.v3.admin.CommandRunnerImpl$2$1.run(CommandRunnerImpl.java:512)
	at java.security.AccessController.doPrivileged(Native Method)
	at javax.security.auth.Subject.doAs(Subject.java:360)
	at com.sun.enterprise.v3.admin.CommandRunnerImpl$2.execute(CommandRunnerImpl.java:511)
	at com.sun.enterprise.v3.admin.CommandRunnerImpl$3.run(CommandRunnerImpl.java:542)
	at com.sun.enterprise.v3.admin.CommandRunnerImpl$3.run(CommandRunnerImpl.java:534)
	at java.security.AccessController.doPrivileged(Native Method)
	at javax.security.auth.Subject.doAs(Subject.java:360)
	at com.sun.enterprise.v3.admin.CommandRunnerImpl.doCommand(CommandRunnerImpl.java:533)
	at com.sun.enterprise.v3.admin.CommandRunnerImpl.doCommand(CommandRunnerImpl.java:1441)
	at com.sun.enterprise.v3.admin.CommandRunnerImpl.access$1300(CommandRunnerImpl.java:86)
	at com.sun.enterprise.v3.admin.CommandRunnerImpl$ExecutionContext.execute(CommandRunnerImpl.java:1823)
	at com.sun.enterprise.v3.admin.CommandRunnerImpl$ExecutionContext.execute(CommandRunnerImpl.java:1699)
	at org.glassfish.deployment.admin.ReDeployCommand.execute(ReDeployCommand.java:107)
	at com.sun.enterprise.v3.admin.CommandRunnerImpl$2$1.run(CommandRunnerImpl.java:516)
	at com.sun.enterprise.v3.admin.CommandRunnerImpl$2$1.run(CommandRunnerImpl.java:512)
	at java.security.AccessController.doPrivileged(Native Method)
	at javax.security.auth.Subject.doAs(Subject.java:360)
	at com.sun.enterprise.v3.admin.CommandRunnerImpl$2.execute(CommandRunnerImpl.java:511)
	at com.sun.enterprise.v3.admin.CommandRunnerImpl$3.run(CommandRunnerImpl.java:542)
	at com.sun.enterprise.v3.admin.CommandRunnerImpl$3.run(CommandRunnerImpl.java:534)
	at java.security.AccessController.doPrivileged(Native Method)
	at javax.security.auth.Subject.doAs(Subject.java:360)
	at com.sun.enterprise.v3.admin.CommandRunnerImpl.doCommand(CommandRunnerImpl.java:533)
	at com.sun.enterprise.v3.admin.CommandRunnerImpl.doCommand(CommandRunnerImpl.java:1441)
	at com.sun.enterprise.v3.admin.CommandRunnerImpl.access$1300(CommandRunnerImpl.java:86)
	at com.sun.enterprise.v3.admin.CommandRunnerImpl$ExecutionContext.execute(CommandRunnerImpl.java:1823)
	at com.sun.enterprise.v3.admin.CommandRunnerImpl$ExecutionContext.execute(CommandRunnerImpl.java:1699)
	at com.sun.enterprise.v3.admin.AdminAdapter.doCommand(AdminAdapter.java:510)
	at com.sun.enterprise.v3.admin.AdminAdapter.onMissingResource(AdminAdapter.java:200)
	at org.glassfish.grizzly.http.server.StaticHttpHandlerBase.service(StaticHttpHandlerBase.java:166)
	at com.sun.enterprise.v3.services.impl.ContainerMapper$HttpHandlerCallable.call(ContainerMapper.java:439)
	at com.sun.enterprise.v3.services.impl.ContainerMapper.service(ContainerMapper.java:144)
	at org.glassfish.grizzly.http.server.HttpHandler.runService(HttpHandler.java:182)
	at org.glassfish.grizzly.http.server.HttpHandler.doHandle(HttpHandler.java:156)
	at org.glassfish.grizzly.http.server.HttpServerFilter.handleRead(HttpServerFilter.java:218)
	at org.glassfish.grizzly.filterchain.ExecutorResolver$9.execute(ExecutorResolver.java:95)
	at org.glassfish.grizzly.filterchain.DefaultFilterChain.executeFilter(DefaultFilterChain.java:260)
	at org.glassfish.grizzly.filterchain.DefaultFilterChain.executeChainPart(DefaultFilterChain.java:177)
	at org.glassfish.grizzly.filterchain.DefaultFilterChain.execute(DefaultFilterChain.java:109)
	at org.glassfish.grizzly.filterchain.DefaultFilterChain.process(DefaultFilterChain.java:88)
	at org.glassfish.grizzly.ProcessorExecutor.execute(ProcessorExecutor.java:53)
	at org.glassfish.grizzly.nio.transport.TCPNIOTransport.fireIOEvent(TCPNIOTransport.java:515)
	at org.glassfish.grizzly.strategies.AbstractIOStrategy.fireIOEvent(AbstractIOStrategy.java:89)
	at org.glassfish.grizzly.strategies.WorkerThreadIOStrategy.run0(WorkerThreadIOStrategy.java:94)
	at org.glassfish.grizzly.strategies.WorkerThreadIOStrategy.access$100(WorkerThreadIOStrategy.java:33)
	at org.glassfish.grizzly.strategies.WorkerThreadIOStrategy$WorkerThreadRunnable.run(WorkerThreadIOStrategy.java:114)
	at org.glassfish.grizzly.threadpool.AbstractThreadPool$Worker.doWork(AbstractThreadPool.java:569)
	at org.glassfish.grizzly.threadpool.AbstractThreadPool$Worker.run(AbstractThreadPool.java:549)
	at java.lang.Thread.run(Thread.java:748)
]]

[2019-06-11T21:42:54.434-0500] [glassfish 5.1] [SEVERE] [NCLS-CORE-00026] [javax.enterprise.system.core] [tid: _ThreadID=48 _ThreadName=admin-listener(3)] [timeMillis: 1560307374434] [levelValue: 1000] [[
  Exception during lifecycle processing
java.lang.Exception: java.lang.Exception: Virtual server server already has a web module herbario-uq-web loaded at /herbario-uq-web therefore web module herbario-uq-ear#herbario-uq-web.war cannot be loaded at this context path on this virtual server
	at com.sun.enterprise.web.WebApplication.start(WebApplication.java:112)
	at org.glassfish.internal.data.EngineRef.start(EngineRef.java:98)
	at org.glassfish.internal.data.ModuleInfo.start(ModuleInfo.java:267)
	at org.glassfish.internal.data.ApplicationInfo.start(ApplicationInfo.java:328)
	at com.sun.enterprise.v3.server.ApplicationLifecycle.deploy(ApplicationLifecycle.java:476)
	at com.sun.enterprise.v3.server.ApplicationLifecycle.deploy(ApplicationLifecycle.java:195)
	at org.glassfish.deployment.admin.DeployCommand.execute(DeployCommand.java:467)
	at com.sun.enterprise.v3.admin.CommandRunnerImpl$2$1.run(CommandRunnerImpl.java:516)
	at com.sun.enterprise.v3.admin.CommandRunnerImpl$2$1.run(CommandRunnerImpl.java:512)
	at java.security.AccessController.doPrivileged(Native Method)
	at javax.security.auth.Subject.doAs(Subject.java:360)
	at com.sun.enterprise.v3.admin.CommandRunnerImpl$2.execute(CommandRunnerImpl.java:511)
	at com.sun.enterprise.v3.admin.CommandRunnerImpl$3.run(CommandRunnerImpl.java:542)
	at com.sun.enterprise.v3.admin.CommandRunnerImpl$3.run(CommandRunnerImpl.java:534)
	at java.security.AccessController.doPrivileged(Native Method)
	at javax.security.auth.Subject.doAs(Subject.java:360)
	at com.sun.enterprise.v3.admin.CommandRunnerImpl.doCommand(CommandRunnerImpl.java:533)
	at com.sun.enterprise.v3.admin.CommandRunnerImpl.doCommand(CommandRunnerImpl.java:1441)
	at com.sun.enterprise.v3.admin.CommandRunnerImpl.access$1300(CommandRunnerImpl.java:86)
	at com.sun.enterprise.v3.admin.CommandRunnerImpl$ExecutionContext.execute(CommandRunnerImpl.java:1823)
	at com.sun.enterprise.v3.admin.CommandRunnerImpl$ExecutionContext.execute(CommandRunnerImpl.java:1699)
	at org.glassfish.deployment.admin.ReDeployCommand.execute(ReDeployCommand.java:107)
	at com.sun.enterprise.v3.admin.CommandRunnerImpl$2$1.run(CommandRunnerImpl.java:516)
	at com.sun.enterprise.v3.admin.CommandRunnerImpl$2$1.run(CommandRunnerImpl.java:512)
	at java.security.AccessController.doPrivileged(Native Method)
	at javax.security.auth.Subject.doAs(Subject.java:360)
	at com.sun.enterprise.v3.admin.CommandRunnerImpl$2.execute(CommandRunnerImpl.java:511)
	at com.sun.enterprise.v3.admin.CommandRunnerImpl$3.run(CommandRunnerImpl.java:542)
	at com.sun.enterprise.v3.admin.CommandRunnerImpl$3.run(CommandRunnerImpl.java:534)
	at java.security.AccessController.doPrivileged(Native Method)
	at javax.security.auth.Subject.doAs(Subject.java:360)
	at com.sun.enterprise.v3.admin.CommandRunnerImpl.doCommand(CommandRunnerImpl.java:533)
	at com.sun.enterprise.v3.admin.CommandRunnerImpl.doCommand(CommandRunnerImpl.java:1441)
	at com.sun.enterprise.v3.admin.CommandRunnerImpl.access$1300(CommandRunnerImpl.java:86)
	at com.sun.enterprise.v3.admin.CommandRunnerImpl$ExecutionContext.execute(CommandRunnerImpl.java:1823)
	at com.sun.enterprise.v3.admin.CommandRunnerImpl$ExecutionContext.execute(CommandRunnerImpl.java:1699)
	at com.sun.enterprise.v3.admin.AdminAdapter.doCommand(AdminAdapter.java:510)
	at com.sun.enterprise.v3.admin.AdminAdapter.onMissingResource(AdminAdapter.java:200)
	at org.glassfish.grizzly.http.server.StaticHttpHandlerBase.service(StaticHttpHandlerBase.java:166)
	at com.sun.enterprise.v3.services.impl.ContainerMapper$HttpHandlerCallable.call(ContainerMapper.java:439)
	at com.sun.enterprise.v3.services.impl.ContainerMapper.service(ContainerMapper.java:144)
	at org.glassfish.grizzly.http.server.HttpHandler.runService(HttpHandler.java:182)
	at org.glassfish.grizzly.http.server.HttpHandler.doHandle(HttpHandler.java:156)
	at org.glassfish.grizzly.http.server.HttpServerFilter.handleRead(HttpServerFilter.java:218)
	at org.glassfish.grizzly.filterchain.ExecutorResolver$9.execute(ExecutorResolver.java:95)
	at org.glassfish.grizzly.filterchain.DefaultFilterChain.executeFilter(DefaultFilterChain.java:260)
	at org.glassfish.grizzly.filterchain.DefaultFilterChain.executeChainPart(DefaultFilterChain.java:177)
	at org.glassfish.grizzly.filterchain.DefaultFilterChain.execute(DefaultFilterChain.java:109)
	at org.glassfish.grizzly.filterchain.DefaultFilterChain.process(DefaultFilterChain.java:88)
	at org.glassfish.grizzly.ProcessorExecutor.execute(ProcessorExecutor.java:53)
	at org.glassfish.grizzly.nio.transport.TCPNIOTransport.fireIOEvent(TCPNIOTransport.java:515)
	at org.glassfish.grizzly.strategies.AbstractIOStrategy.fireIOEvent(AbstractIOStrategy.java:89)
	at org.glassfish.grizzly.strategies.WorkerThreadIOStrategy.run0(WorkerThreadIOStrategy.java:94)
	at org.glassfish.grizzly.strategies.WorkerThreadIOStrategy.access$100(WorkerThreadIOStrategy.java:33)
	at org.glassfish.grizzly.strategies.WorkerThreadIOStrategy$WorkerThreadRunnable.run(WorkerThreadIOStrategy.java:114)
	at org.glassfish.grizzly.threadpool.AbstractThreadPool$Worker.doWork(AbstractThreadPool.java:569)
	at org.glassfish.grizzly.threadpool.AbstractThreadPool$Worker.run(AbstractThreadPool.java:549)
	at java.lang.Thread.run(Thread.java:748)
]]

[2019-06-11T21:42:54.436-0500] [glassfish 5.1] [SEVERE] [] [javax.enterprise.system.core] [tid: _ThreadID=48 _ThreadName=admin-listener(3)] [timeMillis: 1560307374436] [levelValue: 1000] [[
  Exception while loading the app]]

[2019-06-11T21:42:54.457-0500] [glassfish 5.1] [SEVERE] [AS-WEB-GLUE-00192] [javax.enterprise.web] [tid: _ThreadID=48 _ThreadName=admin-listener(3)] [timeMillis: 1560307374457] [levelValue: 1000] [[
  Undeployment failed for context /herbario-uq-web]]

[2019-06-11T21:42:54.465-0500] [glassfish 5.1] [INFO] [] [org.eclipse.persistence.session./file:/home/yesid/Escritorio/herbario-uq/servidor/domain1/eclipseApps/herbario-uq-ear/lib/herbario-uq-persistencia.jar/_herbario-uq-persistencia.connection] [tid: _ThreadID=73 _ThreadName=pool-5-thread-1] [timeMillis: 1560307374465] [levelValue: 800] [[
  /file:/home/yesid/Escritorio/herbario-uq/servidor/domain1/eclipseApps/herbario-uq-ear/lib/herbario-uq-persistencia.jar/_herbario-uq-persistencia logout successful]]

[2019-06-11T21:42:54.491-0500] [glassfish 5.1] [SEVERE] [] [javax.enterprise.system.core] [tid: _ThreadID=48 _ThreadName=admin-listener(3)] [timeMillis: 1560307374491] [levelValue: 1000] [[
  Exception while loading the app : java.lang.Exception: Virtual server server already has a web module herbario-uq-web loaded at /herbario-uq-web therefore web module herbario-uq-ear#herbario-uq-web.war cannot be loaded at this context path on this virtual server]]

[2019-06-11T21:42:56.434-0500] [glassfish 5.1] [INFO] [] [javax.enterprise.system.tools.deployment.common] [tid: _ThreadID=49 _ThreadName=admin-listener(4)] [timeMillis: 1560307376434] [levelValue: 800] [[
  visiting unvisited references]]

[2019-06-11T21:42:56.539-0500] [glassfish 5.1] [INFO] [] [javax.enterprise.system.tools.deployment.common] [tid: _ThreadID=49 _ThreadName=admin-listener(4)] [timeMillis: 1560307376539] [levelValue: 800] [[
  visiting unvisited references]]

[2019-06-11T21:42:56.549-0500] [glassfish 5.1] [SEVERE] [] [global] [tid: _ThreadID=49 _ThreadName=admin-listener(4)] [timeMillis: 1560307376549] [levelValue: 1000] [[
  Class [ Lco/cmamo/ejbs/AdminEJB; ] not found. Error while loading [ class co.cmamo.EmpleadoBean ]]]

[2019-06-11T21:42:56.552-0500] [glassfish 5.1] [INFO] [] [javax.enterprise.system.tools.deployment.common] [tid: _ThreadID=49 _ThreadName=admin-listener(4)] [timeMillis: 1560307376552] [levelValue: 800] [[
  visiting unvisited references]]

[2019-06-11T21:42:56.553-0500] [glassfish 5.1] [INFO] [] [javax.enterprise.system.tools.deployment.common] [tid: _ThreadID=49 _ThreadName=admin-listener(4)] [timeMillis: 1560307376553] [levelValue: 800] [[
  visiting unvisited references]]

[2019-06-11T21:42:56.554-0500] [glassfish 5.1] [INFO] [] [javax.enterprise.system.tools.deployment.common] [tid: _ThreadID=49 _ThreadName=admin-listener(4)] [timeMillis: 1560307376554] [levelValue: 800] [[
  visiting unvisited references]]

[2019-06-11T21:42:56.556-0500] [glassfish 5.1] [INFO] [] [javax.enterprise.system.tools.deployment.common] [tid: _ThreadID=49 _ThreadName=admin-listener(4)] [timeMillis: 1560307376556] [levelValue: 800] [[
  visiting unvisited references]]

[2019-06-11T21:42:56.637-0500] [glassfish 5.1] [INFO] [] [org.jboss.weld.Event] [tid: _ThreadID=49 _ThreadName=admin-listener(4)] [timeMillis: 1560307376637] [levelValue: 800] [[
  WELD-000411: Observer method [BackedAnnotatedMethod] public org.glassfish.jms.injection.JMSCDIExtension.processAnnotatedType(@Observes ProcessAnnotatedType<T>) receives events for all annotated types. Consider restricting events using @WithAnnotations or a generic type with bounds.]]

[2019-06-11T21:42:56.643-0500] [glassfish 5.1] [INFO] [] [org.jboss.weld.Event] [tid: _ThreadID=49 _ThreadName=admin-listener(4)] [timeMillis: 1560307376643] [levelValue: 800] [[
  WELD-000411: Observer method [BackedAnnotatedMethod] org.glassfish.sse.impl.ServerSentEventCdiExtension.processAnnotatedType(@Observes ProcessAnnotatedType<T>, BeanManager) receives events for all annotated types. Consider restricting events using @WithAnnotations or a generic type with bounds.]]

[2019-06-11T21:42:56.655-0500] [glassfish 5.1] [INFO] [] [org.jboss.weld.Event] [tid: _ThreadID=49 _ThreadName=admin-listener(4)] [timeMillis: 1560307376655] [levelValue: 800] [[
  WELD-000411: Observer method [BackedAnnotatedMethod] public org.hibernate.validator.cdi.ValidationExtension.processAnnotatedType(@Observes ProcessAnnotatedType<T>) receives events for all annotated types. Consider restricting events using @WithAnnotations or a generic type with bounds.]]

[2019-06-11T21:42:56.686-0500] [glassfish 5.1] [INFO] [] [org.jboss.weld.Event] [tid: _ThreadID=49 _ThreadName=admin-listener(4)] [timeMillis: 1560307376686] [levelValue: 800] [[
  WELD-000411: Observer method [BackedAnnotatedMethod] private org.glassfish.jersey.ext.cdi1x.internal.CdiComponentProvider.processAnnotatedType(@Observes ProcessAnnotatedType) receives events for all annotated types. Consider restricting events using @WithAnnotations or a generic type with bounds.]]

[2019-06-11T21:42:56.689-0500] [glassfish 5.1] [WARN] [] [org.jboss.weld.Bootstrap] [tid: _ThreadID=49 _ThreadName=admin-listener(4)] [timeMillis: 1560307376689] [levelValue: 900] [[
  WELD-000146: BeforeBeanDiscovery.addAnnotatedType(AnnotatedType<?>) used for class com.sun.faces.flow.FlowDiscoveryCDIHelper is deprecated from CDI 1.1!]]

[2019-06-11T21:42:56.691-0500] [glassfish 5.1] [WARN] [] [org.jboss.weld.Bootstrap] [tid: _ThreadID=49 _ThreadName=admin-listener(4)] [timeMillis: 1560307376691] [levelValue: 900] [[
  WELD-000146: BeforeBeanDiscovery.addAnnotatedType(AnnotatedType<?>) used for class org.glassfish.jersey.ext.cdi1x.servlet.internal.CdiExternalRequestScope is deprecated from CDI 1.1!]]

[2019-06-11T21:42:56.699-0500] [glassfish 5.1] [WARN] [] [org.jboss.weld.Bootstrap] [tid: _ThreadID=49 _ThreadName=admin-listener(4)] [timeMillis: 1560307376699] [levelValue: 900] [[
  WELD-000146: BeforeBeanDiscovery.addAnnotatedType(AnnotatedType<?>) used for class org.glassfish.jersey.ext.cdi1x.internal.CdiComponentProvider$JaxRsParamProducer is deprecated from CDI 1.1!]]

[2019-06-11T21:42:56.701-0500] [glassfish 5.1] [WARN] [] [org.jboss.weld.Bootstrap] [tid: _ThreadID=49 _ThreadName=admin-listener(4)] [timeMillis: 1560307376701] [levelValue: 900] [[
  WELD-000146: BeforeBeanDiscovery.addAnnotatedType(AnnotatedType<?>) used for class org.glassfish.jersey.ext.cdi1x.transaction.internal.WebAppExceptionHolder is deprecated from CDI 1.1!]]

[2019-06-11T21:42:56.703-0500] [glassfish 5.1] [WARN] [] [org.jboss.weld.Bootstrap] [tid: _ThreadID=49 _ThreadName=admin-listener(4)] [timeMillis: 1560307376703] [levelValue: 900] [[
  WELD-000146: BeforeBeanDiscovery.addAnnotatedType(AnnotatedType<?>) used for class org.glassfish.jersey.ext.cdi1x.transaction.internal.WebAppExceptionInterceptor is deprecated from CDI 1.1!]]

[2019-06-11T21:42:56.705-0500] [glassfish 5.1] [WARN] [] [org.jboss.weld.Bootstrap] [tid: _ThreadID=49 _ThreadName=admin-listener(4)] [timeMillis: 1560307376705] [levelValue: 900] [[
  WELD-000146: BeforeBeanDiscovery.addAnnotatedType(AnnotatedType<?>) used for class org.glassfish.jersey.ext.cdi1x.transaction.internal.TransactionalExceptionMapper is deprecated from CDI 1.1!]]

[2019-06-11T21:42:56.707-0500] [glassfish 5.1] [WARN] [] [org.jboss.weld.Bootstrap] [tid: _ThreadID=49 _ThreadName=admin-listener(4)] [timeMillis: 1560307376707] [levelValue: 900] [[
  WELD-000146: BeforeBeanDiscovery.addAnnotatedType(AnnotatedType<?>) used for class com.ibm.jbatch.container.cdi.BatchProducerBean is deprecated from CDI 1.1!]]

[2019-06-11T21:42:56.713-0500] [glassfish 5.1] [WARN] [] [org.jboss.weld.Bootstrap] [tid: _ThreadID=49 _ThreadName=admin-listener(4)] [timeMillis: 1560307376713] [levelValue: 900] [[
  WELD-000146: BeforeBeanDiscovery.addAnnotatedType(AnnotatedType<?>) used for class org.glassfish.cdi.transaction.TransactionalInterceptorMandatory is deprecated from CDI 1.1!]]

[2019-06-11T21:42:56.715-0500] [glassfish 5.1] [WARN] [] [org.jboss.weld.Bootstrap] [tid: _ThreadID=49 _ThreadName=admin-listener(4)] [timeMillis: 1560307376715] [levelValue: 900] [[
  WELD-000146: BeforeBeanDiscovery.addAnnotatedType(AnnotatedType<?>) used for class org.glassfish.cdi.transaction.TransactionalInterceptorNever is deprecated from CDI 1.1!]]

[2019-06-11T21:42:56.716-0500] [glassfish 5.1] [WARN] [] [org.jboss.weld.Bootstrap] [tid: _ThreadID=49 _ThreadName=admin-listener(4)] [timeMillis: 1560307376716] [levelValue: 900] [[
  WELD-000146: BeforeBeanDiscovery.addAnnotatedType(AnnotatedType<?>) used for class org.glassfish.cdi.transaction.TransactionalInterceptorNotSupported is deprecated from CDI 1.1!]]

[2019-06-11T21:42:56.717-0500] [glassfish 5.1] [WARN] [] [org.jboss.weld.Bootstrap] [tid: _ThreadID=49 _ThreadName=admin-listener(4)] [timeMillis: 1560307376717] [levelValue: 900] [[
  WELD-000146: BeforeBeanDiscovery.addAnnotatedType(AnnotatedType<?>) used for class org.glassfish.cdi.transaction.TransactionalInterceptorRequired is deprecated from CDI 1.1!]]

[2019-06-11T21:42:56.719-0500] [glassfish 5.1] [WARN] [] [org.jboss.weld.Bootstrap] [tid: _ThreadID=49 _ThreadName=admin-listener(4)] [timeMillis: 1560307376719] [levelValue: 900] [[
  WELD-000146: BeforeBeanDiscovery.addAnnotatedType(AnnotatedType<?>) used for class org.glassfish.cdi.transaction.TransactionalInterceptorRequiresNew is deprecated from CDI 1.1!]]

[2019-06-11T21:42:56.721-0500] [glassfish 5.1] [WARN] [] [org.jboss.weld.Bootstrap] [tid: _ThreadID=49 _ThreadName=admin-listener(4)] [timeMillis: 1560307376721] [levelValue: 900] [[
  WELD-000146: BeforeBeanDiscovery.addAnnotatedType(AnnotatedType<?>) used for class org.glassfish.cdi.transaction.TransactionalInterceptorSupports is deprecated from CDI 1.1!]]

[2019-06-11T21:42:56.725-0500] [glassfish 5.1] [INFO] [] [org.jboss.weld.Bootstrap] [tid: _ThreadID=49 _ThreadName=admin-listener(4)] [timeMillis: 1560307376725] [levelValue: 800] [[
  WELD-000119: Not generating any bean definitions from co.cmamo.EmpleadoBean because of underlying class loading error: Type co.cmamo.ejbs.AdminEJB not found.  If this is unexpected, enable DEBUG logging to see the full error.]]

[2019-06-11T21:42:57.559-0500] [glassfish 5.1] [INFO] [] [org.glassfish.soteria.servlet.SamRegistrationInstaller] [tid: _ThreadID=49 _ThreadName=admin-listener(4)] [timeMillis: 1560307377559] [levelValue: 800] [[
  Initializing Soteria 1.0.1 for context '/herbario-uq-web']]

[2019-06-11T21:42:57.621-0500] [glassfish 5.1] [INFO] [jsf.config.listener.version] [javax.enterprise.resource.webcontainer.jsf.config] [tid: _ThreadID=49 _ThreadName=admin-listener(4)] [timeMillis: 1560307377621] [levelValue: 800] [[
  Inicializando Mojarra 2.3.9 para el contexto '/herbario-uq-web']]

[2019-06-11T21:42:59.300-0500] [glassfish 5.1] [INFO] [] [org.primefaces.webapp.PostConstructApplicationEventListener] [tid: _ThreadID=49 _ThreadName=admin-listener(4)] [timeMillis: 1560307379300] [levelValue: 800] [[
  Running on PrimeFaces 6.2]]

[2019-06-11T21:42:59.316-0500] [glassfish 5.1] [INFO] [AS-WEB-GLUE-00172] [javax.enterprise.web] [tid: _ThreadID=49 _ThreadName=admin-listener(4)] [timeMillis: 1560307379316] [levelValue: 800] [[
  Loading application [herbario-uq-web] at [/herbario-uq-web]]]

[2019-06-11T21:42:59.567-0500] [glassfish 5.1] [INFO] [] [javax.enterprise.system.core] [tid: _ThreadID=49 _ThreadName=admin-listener(4)] [timeMillis: 1560307379567] [levelValue: 800] [[
  herbario-uq-web was successfully deployed in 3.817 milliseconds.]]

[2019-06-11T21:45:22.772-0500] [glassfish 5.1] [INFO] [] [javax.enterprise.system.tools.deployment.common] [tid: _ThreadID=47 _ThreadName=admin-listener(2)] [timeMillis: 1560307522772] [levelValue: 800] [[
  visiting unvisited references]]

[2019-06-11T21:45:24.505-0500] [glassfish 5.1] [INFO] [] [javax.enterprise.system.tools.deployment.common] [tid: _ThreadID=47 _ThreadName=admin-listener(2)] [timeMillis: 1560307524505] [levelValue: 800] [[
  visiting unvisited references]]

[2019-06-11T21:45:24.605-0500] [glassfish 5.1] [INFO] [] [javax.enterprise.system.tools.deployment.common] [tid: _ThreadID=47 _ThreadName=admin-listener(2)] [timeMillis: 1560307524605] [levelValue: 800] [[
  visiting unvisited references]]

[2019-06-11T21:45:24.625-0500] [glassfish 5.1] [INFO] [] [javax.enterprise.system.tools.deployment.common] [tid: _ThreadID=47 _ThreadName=admin-listener(2)] [timeMillis: 1560307524625] [levelValue: 800] [[
  visiting unvisited references]]

[2019-06-11T21:45:24.626-0500] [glassfish 5.1] [INFO] [] [javax.enterprise.system.tools.deployment.common] [tid: _ThreadID=47 _ThreadName=admin-listener(2)] [timeMillis: 1560307524626] [levelValue: 800] [[
  visiting unvisited references]]

[2019-06-11T21:45:24.628-0500] [glassfish 5.1] [INFO] [] [javax.enterprise.system.tools.deployment.common] [tid: _ThreadID=47 _ThreadName=admin-listener(2)] [timeMillis: 1560307524628] [levelValue: 800] [[
  visiting unvisited references]]

[2019-06-11T21:45:24.630-0500] [glassfish 5.1] [INFO] [] [javax.enterprise.system.tools.deployment.common] [tid: _ThreadID=47 _ThreadName=admin-listener(2)] [timeMillis: 1560307524630] [levelValue: 800] [[
  visiting unvisited references]]

[2019-06-11T21:45:25.116-0500] [glassfish 5.1] [INFO] [NCLS-COMUTIL-00017] [javax.enterprise.system.util] [tid: _ThreadID=47 _ThreadName=admin-listener(2)] [timeMillis: 1560307525116] [levelValue: 800] [[
  co.cmamo.Planta actually got transformed]]

[2019-06-11T21:45:25.137-0500] [glassfish 5.1] [INFO] [NCLS-COMUTIL-00017] [javax.enterprise.system.util] [tid: _ThreadID=47 _ThreadName=admin-listener(2)] [timeMillis: 1560307525137] [levelValue: 800] [[
  co.cmamo.Genero actually got transformed]]

[2019-06-11T21:45:25.151-0500] [glassfish 5.1] [INFO] [NCLS-COMUTIL-00017] [javax.enterprise.system.util] [tid: _ThreadID=47 _ThreadName=admin-listener(2)] [timeMillis: 1560307525151] [levelValue: 800] [[
  co.cmamo.Administrador actually got transformed]]

[2019-06-11T21:45:25.165-0500] [glassfish 5.1] [INFO] [NCLS-COMUTIL-00017] [javax.enterprise.system.util] [tid: _ThreadID=47 _ThreadName=admin-listener(2)] [timeMillis: 1560307525165] [levelValue: 800] [[
  co.cmamo.Persona actually got transformed]]

[2019-06-11T21:45:25.171-0500] [glassfish 5.1] [INFO] [NCLS-COMUTIL-00017] [javax.enterprise.system.util] [tid: _ThreadID=47 _ThreadName=admin-listener(2)] [timeMillis: 1560307525171] [levelValue: 800] [[
  co.cmamo.Empleado actually got transformed]]

[2019-06-11T21:45:25.179-0500] [glassfish 5.1] [INFO] [NCLS-COMUTIL-00017] [javax.enterprise.system.util] [tid: _ThreadID=47 _ThreadName=admin-listener(2)] [timeMillis: 1560307525179] [levelValue: 800] [[
  co.cmamo.Familia actually got transformed]]

[2019-06-11T21:45:25.182-0500] [glassfish 5.1] [INFO] [NCLS-COMUTIL-00017] [javax.enterprise.system.util] [tid: _ThreadID=47 _ThreadName=admin-listener(2)] [timeMillis: 1560307525182] [levelValue: 800] [[
  co.cmamo.Recolector actually got transformed]]

[2019-06-11T21:45:25.187-0500] [glassfish 5.1] [INFO] [NCLS-COMUTIL-00017] [javax.enterprise.system.util] [tid: _ThreadID=47 _ThreadName=admin-listener(2)] [timeMillis: 1560307525187] [levelValue: 800] [[
  co.cmamo.Peticion actually got transformed]]

[2019-06-11T21:45:25.200-0500] [glassfish 5.1] [INFO] [] [org.eclipse.persistence.session./file:/home/yesid/Escritorio/herbario-uq/servidor/domain1/eclipseApps/herbario-uq-ear/lib/herbario-uq-persistencia.jar/_herbario-uq-persistencia] [tid: _ThreadID=47 _ThreadName=admin-listener(2)] [timeMillis: 1560307525200] [levelValue: 800] [[
  EclipseLink, version: Eclipse Persistence Services - 2.7.4.v20190115-ad5b7c6b2a]]

[2019-06-11T21:45:25.236-0500] [glassfish 5.1] [INFO] [] [org.eclipse.persistence.session./file:/home/yesid/Escritorio/herbario-uq/servidor/domain1/eclipseApps/herbario-uq-ear/lib/herbario-uq-persistencia.jar/_herbario-uq-persistencia.connection] [tid: _ThreadID=47 _ThreadName=admin-listener(2)] [timeMillis: 1560307525236] [levelValue: 800] [[
  /file:/home/yesid/Escritorio/herbario-uq/servidor/domain1/eclipseApps/herbario-uq-ear/lib/herbario-uq-persistencia.jar/_herbario-uq-persistencia login successful]]

[2019-06-11T21:45:25.767-0500] [glassfish 5.1] [INFO] [AS-EJB-00054] [javax.enterprise.ejb.container] [tid: _ThreadID=47 _ThreadName=admin-listener(2)] [timeMillis: 1560307525767] [levelValue: 800] [[
  Portable JNDI names for EJB SetupEJB: [java:global/herbario-uq-ear/herbario-uq-negocio/SetupEJB!co.cmamo.ejbs.SetupEJB, java:global/herbario-uq-ear/herbario-uq-negocio/SetupEJB]]]

[2019-06-11T21:45:26.071-0500] [glassfish 5.1] [INFO] [AS-EJB-00054] [javax.enterprise.ejb.container] [tid: _ThreadID=47 _ThreadName=admin-listener(2)] [timeMillis: 1560307526071] [levelValue: 800] [[
  Portable JNDI names for EJB AdminEJB: [java:global/herbario-uq-ear/herbario-uq-negocio/AdminEJB!co.cmamo.ejbs.AdminEJB, java:global/herbario-uq-ear/herbario-uq-negocio/AdminEJB!co.cmamo.ejbs.AdminEJBRemote]]]

[2019-06-11T21:45:26.072-0500] [glassfish 5.1] [INFO] [AS-EJB-00055] [javax.enterprise.ejb.container] [tid: _ThreadID=47 _ThreadName=admin-listener(2)] [timeMillis: 1560307526072] [levelValue: 800] [[
  Glassfish-specific (Non-portable) JNDI names for EJB AdminEJB: [co.cmamo.ejbs.AdminEJBRemote, co.cmamo.ejbs.AdminEJBRemote#co.cmamo.ejbs.AdminEJBRemote]]]

[2019-06-11T21:45:26.397-0500] [glassfish 5.1] [INFO] [] [org.jboss.weld.Event] [tid: _ThreadID=47 _ThreadName=admin-listener(2)] [timeMillis: 1560307526397] [levelValue: 800] [[
  WELD-000411: Observer method [BackedAnnotatedMethod] org.glassfish.sse.impl.ServerSentEventCdiExtension.processAnnotatedType(@Observes ProcessAnnotatedType<T>, BeanManager) receives events for all annotated types. Consider restricting events using @WithAnnotations or a generic type with bounds.]]

[2019-06-11T21:45:26.401-0500] [glassfish 5.1] [INFO] [] [org.jboss.weld.Event] [tid: _ThreadID=47 _ThreadName=admin-listener(2)] [timeMillis: 1560307526401] [levelValue: 800] [[
  WELD-000411: Observer method [BackedAnnotatedMethod] private org.glassfish.jersey.ext.cdi1x.internal.CdiComponentProvider.processAnnotatedType(@Observes ProcessAnnotatedType) receives events for all annotated types. Consider restricting events using @WithAnnotations or a generic type with bounds.]]

[2019-06-11T21:45:26.417-0500] [glassfish 5.1] [INFO] [] [org.jboss.weld.Event] [tid: _ThreadID=47 _ThreadName=admin-listener(2)] [timeMillis: 1560307526417] [levelValue: 800] [[
  WELD-000411: Observer method [BackedAnnotatedMethod] public org.hibernate.validator.cdi.ValidationExtension.processAnnotatedType(@Observes ProcessAnnotatedType<T>) receives events for all annotated types. Consider restricting events using @WithAnnotations or a generic type with bounds.]]

[2019-06-11T21:45:26.420-0500] [glassfish 5.1] [INFO] [] [org.jboss.weld.Event] [tid: _ThreadID=47 _ThreadName=admin-listener(2)] [timeMillis: 1560307526420] [levelValue: 800] [[
  WELD-000411: Observer method [BackedAnnotatedMethod] private org.glassfish.jersey.ext.cdi1x.internal.CdiComponentProvider.processAnnotatedType(@Observes ProcessAnnotatedType) receives events for all annotated types. Consider restricting events using @WithAnnotations or a generic type with bounds.]]

[2019-06-11T21:45:26.424-0500] [glassfish 5.1] [INFO] [] [org.jboss.weld.Event] [tid: _ThreadID=47 _ThreadName=admin-listener(2)] [timeMillis: 1560307526424] [levelValue: 800] [[
  WELD-000411: Observer method [BackedAnnotatedMethod] public org.glassfish.jms.injection.JMSCDIExtension.processAnnotatedType(@Observes ProcessAnnotatedType<T>) receives events for all annotated types. Consider restricting events using @WithAnnotations or a generic type with bounds.]]

[2019-06-11T21:45:26.426-0500] [glassfish 5.1] [INFO] [] [org.jboss.weld.Event] [tid: _ThreadID=47 _ThreadName=admin-listener(2)] [timeMillis: 1560307526426] [levelValue: 800] [[
  WELD-000411: Observer method [BackedAnnotatedMethod] public org.glassfish.jms.injection.JMSCDIExtension.processAnnotatedType(@Observes ProcessAnnotatedType<T>) receives events for all annotated types. Consider restricting events using @WithAnnotations or a generic type with bounds.]]

[2019-06-11T21:45:26.427-0500] [glassfish 5.1] [INFO] [] [org.jboss.weld.Event] [tid: _ThreadID=47 _ThreadName=admin-listener(2)] [timeMillis: 1560307526427] [levelValue: 800] [[
  WELD-000411: Observer method [BackedAnnotatedMethod] org.glassfish.sse.impl.ServerSentEventCdiExtension.processAnnotatedType(@Observes ProcessAnnotatedType<T>, BeanManager) receives events for all annotated types. Consider restricting events using @WithAnnotations or a generic type with bounds.]]

[2019-06-11T21:45:26.431-0500] [glassfish 5.1] [INFO] [] [org.jboss.weld.Event] [tid: _ThreadID=47 _ThreadName=admin-listener(2)] [timeMillis: 1560307526431] [levelValue: 800] [[
  WELD-000411: Observer method [BackedAnnotatedMethod] public org.hibernate.validator.cdi.ValidationExtension.processAnnotatedType(@Observes ProcessAnnotatedType<T>) receives events for all annotated types. Consider restricting events using @WithAnnotations or a generic type with bounds.]]

[2019-06-11T21:45:26.432-0500] [glassfish 5.1] [WARN] [] [org.jboss.weld.Bootstrap] [tid: _ThreadID=47 _ThreadName=admin-listener(2)] [timeMillis: 1560307526432] [levelValue: 900] [[
  WELD-000146: BeforeBeanDiscovery.addAnnotatedType(AnnotatedType<?>) used for class org.glassfish.jersey.ext.cdi1x.servlet.internal.CdiExternalRequestScope is deprecated from CDI 1.1!]]

[2019-06-11T21:45:26.437-0500] [glassfish 5.1] [WARN] [] [org.jboss.weld.Bootstrap] [tid: _ThreadID=47 _ThreadName=admin-listener(2)] [timeMillis: 1560307526437] [levelValue: 900] [[
  WELD-000146: BeforeBeanDiscovery.addAnnotatedType(AnnotatedType<?>) used for class com.sun.faces.flow.FlowDiscoveryCDIHelper is deprecated from CDI 1.1!]]

[2019-06-11T21:45:26.437-0500] [glassfish 5.1] [WARN] [] [org.jboss.weld.Bootstrap] [tid: _ThreadID=47 _ThreadName=admin-listener(2)] [timeMillis: 1560307526437] [levelValue: 900] [[
  WELD-000146: BeforeBeanDiscovery.addAnnotatedType(AnnotatedType<?>) used for class org.glassfish.jersey.ext.cdi1x.transaction.internal.WebAppExceptionHolder is deprecated from CDI 1.1!]]

[2019-06-11T21:45:26.438-0500] [glassfish 5.1] [WARN] [] [org.jboss.weld.Bootstrap] [tid: _ThreadID=47 _ThreadName=admin-listener(2)] [timeMillis: 1560307526438] [levelValue: 900] [[
  WELD-000146: BeforeBeanDiscovery.addAnnotatedType(AnnotatedType<?>) used for class org.glassfish.jersey.ext.cdi1x.transaction.internal.WebAppExceptionInterceptor is deprecated from CDI 1.1!]]

[2019-06-11T21:45:26.441-0500] [glassfish 5.1] [WARN] [] [org.jboss.weld.Bootstrap] [tid: _ThreadID=47 _ThreadName=admin-listener(2)] [timeMillis: 1560307526441] [levelValue: 900] [[
  WELD-000146: BeforeBeanDiscovery.addAnnotatedType(AnnotatedType<?>) used for class org.glassfish.jersey.ext.cdi1x.transaction.internal.TransactionalExceptionMapper is deprecated from CDI 1.1!]]

[2019-06-11T21:45:26.442-0500] [glassfish 5.1] [WARN] [] [org.jboss.weld.Bootstrap] [tid: _ThreadID=47 _ThreadName=admin-listener(2)] [timeMillis: 1560307526442] [levelValue: 900] [[
  WELD-000146: BeforeBeanDiscovery.addAnnotatedType(AnnotatedType<?>) used for class org.glassfish.jersey.ext.cdi1x.internal.CdiComponentProvider$JaxRsParamProducer is deprecated from CDI 1.1!]]

[2019-06-11T21:45:26.443-0500] [glassfish 5.1] [WARN] [] [org.jboss.weld.Bootstrap] [tid: _ThreadID=47 _ThreadName=admin-listener(2)] [timeMillis: 1560307526443] [levelValue: 900] [[
  WELD-000146: BeforeBeanDiscovery.addAnnotatedType(AnnotatedType<?>) used for class com.ibm.jbatch.container.cdi.BatchProducerBean is deprecated from CDI 1.1!]]

[2019-06-11T21:45:26.445-0500] [glassfish 5.1] [WARN] [] [org.jboss.weld.Bootstrap] [tid: _ThreadID=47 _ThreadName=admin-listener(2)] [timeMillis: 1560307526445] [levelValue: 900] [[
  WELD-000146: BeforeBeanDiscovery.addAnnotatedType(AnnotatedType<?>) used for class org.glassfish.cdi.transaction.TransactionalInterceptorMandatory is deprecated from CDI 1.1!]]

[2019-06-11T21:45:26.446-0500] [glassfish 5.1] [WARN] [] [org.jboss.weld.Bootstrap] [tid: _ThreadID=47 _ThreadName=admin-listener(2)] [timeMillis: 1560307526446] [levelValue: 900] [[
  WELD-000146: BeforeBeanDiscovery.addAnnotatedType(AnnotatedType<?>) used for class org.glassfish.cdi.transaction.TransactionalInterceptorNever is deprecated from CDI 1.1!]]

[2019-06-11T21:45:26.447-0500] [glassfish 5.1] [WARN] [] [org.jboss.weld.Bootstrap] [tid: _ThreadID=47 _ThreadName=admin-listener(2)] [timeMillis: 1560307526447] [levelValue: 900] [[
  WELD-000146: BeforeBeanDiscovery.addAnnotatedType(AnnotatedType<?>) used for class org.glassfish.cdi.transaction.TransactionalInterceptorNotSupported is deprecated from CDI 1.1!]]

[2019-06-11T21:45:26.448-0500] [glassfish 5.1] [WARN] [] [org.jboss.weld.Bootstrap] [tid: _ThreadID=47 _ThreadName=admin-listener(2)] [timeMillis: 1560307526448] [levelValue: 900] [[
  WELD-000146: BeforeBeanDiscovery.addAnnotatedType(AnnotatedType<?>) used for class org.glassfish.cdi.transaction.TransactionalInterceptorRequired is deprecated from CDI 1.1!]]

[2019-06-11T21:45:26.449-0500] [glassfish 5.1] [WARN] [] [org.jboss.weld.Bootstrap] [tid: _ThreadID=47 _ThreadName=admin-listener(2)] [timeMillis: 1560307526449] [levelValue: 900] [[
  WELD-000146: BeforeBeanDiscovery.addAnnotatedType(AnnotatedType<?>) used for class org.glassfish.cdi.transaction.TransactionalInterceptorRequiresNew is deprecated from CDI 1.1!]]

[2019-06-11T21:45:26.450-0500] [glassfish 5.1] [WARN] [] [org.jboss.weld.Bootstrap] [tid: _ThreadID=47 _ThreadName=admin-listener(2)] [timeMillis: 1560307526450] [levelValue: 900] [[
  WELD-000146: BeforeBeanDiscovery.addAnnotatedType(AnnotatedType<?>) used for class org.glassfish.cdi.transaction.TransactionalInterceptorSupports is deprecated from CDI 1.1!]]

[2019-06-11T21:45:28.192-0500] [glassfish 5.1] [INFO] [] [org.glassfish.soteria.servlet.SamRegistrationInstaller] [tid: _ThreadID=47 _ThreadName=admin-listener(2)] [timeMillis: 1560307528192] [levelValue: 800] [[
  Initializing Soteria 1.0.1 for context '/herbario-uq-web']]

[2019-06-11T21:45:28.249-0500] [glassfish 5.1] [INFO] [jsf.config.listener.version] [javax.enterprise.resource.webcontainer.jsf.config] [tid: _ThreadID=47 _ThreadName=admin-listener(2)] [timeMillis: 1560307528249] [levelValue: 800] [[
  Inicializando Mojarra 2.3.9 para el contexto '/herbario-uq-web']]

[2019-06-11T21:45:29.411-0500] [glassfish 5.1] [INFO] [] [org.primefaces.webapp.PostConstructApplicationEventListener] [tid: _ThreadID=47 _ThreadName=admin-listener(2)] [timeMillis: 1560307529411] [levelValue: 800] [[
  Running on PrimeFaces 6.2]]

[2019-06-11T21:45:29.427-0500] [glassfish 5.1] [INFO] [AS-WEB-GLUE-00172] [javax.enterprise.web] [tid: _ThreadID=47 _ThreadName=admin-listener(2)] [timeMillis: 1560307529427] [levelValue: 800] [[
  Loading application [herbario-uq-ear#herbario-uq-web.war] at [/herbario-uq-web]]]

[2019-06-11T21:45:29.507-0500] [glassfish 5.1] [INFO] [] [javax.enterprise.system.core] [tid: _ThreadID=47 _ThreadName=admin-listener(2)] [timeMillis: 1560307529507] [levelValue: 800] [[
  herbario-uq-ear was successfully deployed in 7.376 milliseconds.]]

[2019-06-11T21:51:49.516-0500] [glassfish 5.1] [SEVERE] [] [javax.enterprise.resource.webcontainer.jsf.renderkit] [tid: _ThreadID=32 _ThreadName=http-listener-1(3)] [timeMillis: 1560307909516] [levelValue: 1000] [[
  Could not instantiate converter for type double: java.lang.NullPointerException]]

[2019-06-11T21:51:49.516-0500] [glassfish 5.1] [SEVERE] [] [javax.enterprise.resource.webcontainer.jsf.renderkit] [tid: _ThreadID=32 _ThreadName=http-listener-1(3)] [timeMillis: 1560307909516] [levelValue: 1000] [[
  
java.lang.NullPointerException
	at com.sun.faces.cdi.CdiUtils.createConverter(CdiUtils.java:102)
	at com.sun.faces.application.applicationimpl.InstanceFactory.createConverter(InstanceFactory.java:481)
	at com.sun.faces.application.ApplicationImpl.createConverter(ApplicationImpl.java:510)
	at javax.faces.application.ApplicationWrapper.createConverter(ApplicationWrapper.java:431)
	at com.sun.faces.renderkit.html_basic.HtmlBasicInputRenderer.getConvertedValue(HtmlBasicInputRenderer.java:103)
	at javax.faces.component.UIInput.getConvertedValue(UIInput.java:1105)
	at javax.faces.component.UIInput.validate(UIInput.java:1006)
	at javax.faces.component.UIInput.executeValidate(UIInput.java:1317)
	at javax.faces.component.UIInput.processValidators(UIInput.java:733)
	at javax.faces.component.UIForm.processValidators(UIForm.java:229)
	at javax.faces.component.UIComponentBase.processValidators(UIComponentBase.java:921)
	at javax.faces.component.UIViewRoot.processValidators(UIViewRoot.java:1309)
	at com.sun.faces.lifecycle.ProcessValidationsPhase.execute(ProcessValidationsPhase.java:53)
	at com.sun.faces.lifecycle.Phase.doPhase(Phase.java:76)
	at com.sun.faces.lifecycle.LifecycleImpl.execute(LifecycleImpl.java:177)
	at javax.faces.webapp.FacesServlet.executeLifecyle(FacesServlet.java:707)
	at javax.faces.webapp.FacesServlet.service(FacesServlet.java:451)
	at org.apache.catalina.core.StandardWrapper.service(StandardWrapper.java:1540)
	at org.apache.catalina.core.StandardWrapperValve.invoke(StandardWrapperValve.java:217)
	at org.apache.catalina.core.StandardContextValve.invoke(StandardContextValve.java:119)
	at org.apache.catalina.core.StandardPipeline.doInvoke(StandardPipeline.java:611)
	at org.apache.catalina.core.StandardPipeline.invoke(StandardPipeline.java:550)
	at com.sun.enterprise.web.WebPipeline.invoke(WebPipeline.java:75)
	at org.apache.catalina.core.StandardHostValve.invoke(StandardHostValve.java:114)
	at org.apache.catalina.connector.CoyoteAdapter.doService(CoyoteAdapter.java:332)
	at org.apache.catalina.connector.CoyoteAdapter.service(CoyoteAdapter.java:199)
	at com.sun.enterprise.v3.services.impl.ContainerMapper$HttpHandlerCallable.call(ContainerMapper.java:439)
	at com.sun.enterprise.v3.services.impl.ContainerMapper.service(ContainerMapper.java:144)
	at org.glassfish.grizzly.http.server.HttpHandler.runService(HttpHandler.java:182)
	at org.glassfish.grizzly.http.server.HttpHandler.doHandle(HttpHandler.java:156)
	at org.glassfish.grizzly.http.server.HttpServerFilter.handleRead(HttpServerFilter.java:218)
	at org.glassfish.grizzly.filterchain.ExecutorResolver$9.execute(ExecutorResolver.java:95)
	at org.glassfish.grizzly.filterchain.DefaultFilterChain.executeFilter(DefaultFilterChain.java:260)
	at org.glassfish.grizzly.filterchain.DefaultFilterChain.executeChainPart(DefaultFilterChain.java:177)
	at org.glassfish.grizzly.filterchain.DefaultFilterChain.execute(DefaultFilterChain.java:109)
	at org.glassfish.grizzly.filterchain.DefaultFilterChain.process(DefaultFilterChain.java:88)
	at org.glassfish.grizzly.ProcessorExecutor.execute(ProcessorExecutor.java:53)
	at org.glassfish.grizzly.nio.transport.TCPNIOTransport.fireIOEvent(TCPNIOTransport.java:515)
	at org.glassfish.grizzly.strategies.AbstractIOStrategy.fireIOEvent(AbstractIOStrategy.java:89)
	at org.glassfish.grizzly.strategies.WorkerThreadIOStrategy.run0(WorkerThreadIOStrategy.java:94)
	at org.glassfish.grizzly.strategies.WorkerThreadIOStrategy.access$100(WorkerThreadIOStrategy.java:33)
	at org.glassfish.grizzly.strategies.WorkerThreadIOStrategy$WorkerThreadRunnable.run(WorkerThreadIOStrategy.java:114)
	at org.glassfish.grizzly.threadpool.AbstractThreadPool$Worker.doWork(AbstractThreadPool.java:569)
	at org.glassfish.grizzly.threadpool.AbstractThreadPool$Worker.run(AbstractThreadPool.java:549)
	at java.lang.Thread.run(Thread.java:748)
]]

